<!DOCTYPE html>
<html>
  <head>
    <meta charset="utf-8"/>
    <title>Test Report</title>
    <link href="assets/style.css" rel="stylesheet" type="text/css"/></head>
  <body onLoad="init()">
    <script>/* This Source Code Form is subject to the terms of the Mozilla Public
 * License, v. 2.0. If a copy of the MPL was not distributed with this file,
 * You can obtain one at http://mozilla.org/MPL/2.0/. */


function toArray(iter) {
    if (iter === null) {
        return null;
    }
    return Array.prototype.slice.call(iter);
}

function find(selector, elem) {
    if (!elem) {
        elem = document;
    }
    return elem.querySelector(selector);
}

function find_all(selector, elem) {
    if (!elem) {
        elem = document;
    }
    return toArray(elem.querySelectorAll(selector));
}

function sort_column(elem) {
    toggle_sort_states(elem);
    var colIndex = toArray(elem.parentNode.childNodes).indexOf(elem);
    var key;
    if (elem.classList.contains('numeric')) {
        key = key_num;
    } else if (elem.classList.contains('result')) {
        key = key_result;
    } else {
        key = key_alpha;
    }
    sort_table(elem, key(colIndex));
}

function show_all_extras() {
    find_all('.col-result').forEach(show_extras);
}

function hide_all_extras() {
    find_all('.col-result').forEach(hide_extras);
}

function show_extras(colresult_elem) {
    var extras = colresult_elem.parentNode.nextElementSibling;
    var expandcollapse = colresult_elem.firstElementChild;
    extras.classList.remove("collapsed");
    expandcollapse.classList.remove("expander");
    expandcollapse.classList.add("collapser");
}

function hide_extras(colresult_elem) {
    var extras = colresult_elem.parentNode.nextElementSibling;
    var expandcollapse = colresult_elem.firstElementChild;
    extras.classList.add("collapsed");
    expandcollapse.classList.remove("collapser");
    expandcollapse.classList.add("expander");
}

function show_filters() {
    var filter_items = document.getElementsByClassName('filter');
    for (var i = 0; i < filter_items.length; i++)
        filter_items[i].hidden = false;
}

function add_collapse() {
    // Add links for show/hide all
    var resulttable = find('table#results-table');
    var showhideall = document.createElement("p");
    showhideall.innerHTML = '<a href="javascript:show_all_extras()">Show all details</a> / ' +
                            '<a href="javascript:hide_all_extras()">Hide all details</a>';
    resulttable.parentElement.insertBefore(showhideall, resulttable);

    // Add show/hide link to each result
    find_all('.col-result').forEach(function(elem) {
        var collapsed = get_query_parameter('collapsed') || 'Passed';
        var extras = elem.parentNode.nextElementSibling;
        var expandcollapse = document.createElement("span");
        if (collapsed.includes(elem.innerHTML)) {
            extras.classList.add("collapsed");
            expandcollapse.classList.add("expander");
        } else {
            expandcollapse.classList.add("collapser");
        }
        elem.appendChild(expandcollapse);

        elem.addEventListener("click", function(event) {
            if (event.currentTarget.parentNode.nextElementSibling.classList.contains("collapsed")) {
                show_extras(event.currentTarget);
            } else {
                hide_extras(event.currentTarget);
            }
        });
    })
}

function get_query_parameter(name) {
    var match = RegExp('[?&]' + name + '=([^&]*)').exec(window.location.search);
    return match && decodeURIComponent(match[1].replace(/\+/g, ' '));
}

function init () {
    reset_sort_headers();

    add_collapse();

    show_filters();

    toggle_sort_states(find('.initial-sort'));

    find_all('.sortable').forEach(function(elem) {
        elem.addEventListener("click",
                              function(event) {
                                  sort_column(elem);
                              }, false)
    });

};

function sort_table(clicked, key_func) {
    var rows = find_all('.results-table-row');
    var reversed = !clicked.classList.contains('asc');
    var sorted_rows = sort(rows, key_func, reversed);
    /* Whole table is removed here because browsers acts much slower
     * when appending existing elements.
     */
    var thead = document.getElementById("results-table-head");
    document.getElementById('results-table').remove();
    var parent = document.createElement("table");
    parent.id = "results-table";
    parent.appendChild(thead);
    sorted_rows.forEach(function(elem) {
        parent.appendChild(elem);
    });
    document.getElementsByTagName("BODY")[0].appendChild(parent);
}

function sort(items, key_func, reversed) {
    var sort_array = items.map(function(item, i) {
        return [key_func(item), i];
    });
    var multiplier = reversed ? -1 : 1;

    sort_array.sort(function(a, b) {
        var key_a = a[0];
        var key_b = b[0];
        return multiplier * (key_a >= key_b ? 1 : -1);
    });

    return sort_array.map(function(item) {
        var index = item[1];
        return items[index];
    });
}

function key_alpha(col_index) {
    return function(elem) {
        return elem.childNodes[1].childNodes[col_index].firstChild.data.toLowerCase();
    };
}

function key_num(col_index) {
    return function(elem) {
        return parseFloat(elem.childNodes[1].childNodes[col_index].firstChild.data);
    };
}

function key_result(col_index) {
    return function(elem) {
        var strings = ['Error', 'Failed', 'Rerun', 'XFailed', 'XPassed',
                       'Skipped', 'Passed'];
        return strings.indexOf(elem.childNodes[1].childNodes[col_index].firstChild.data);
    };
}

function reset_sort_headers() {
    find_all('.sort-icon').forEach(function(elem) {
        elem.parentNode.removeChild(elem);
    });
    find_all('.sortable').forEach(function(elem) {
        var icon = document.createElement("div");
        icon.className = "sort-icon";
        icon.textContent = "vvv";
        elem.insertBefore(icon, elem.firstChild);
        elem.classList.remove("desc", "active");
        elem.classList.add("asc", "inactive");
    });
}

function toggle_sort_states(elem) {
    //if active, toggle between asc and desc
    if (elem.classList.contains('active')) {
        elem.classList.toggle('asc');
        elem.classList.toggle('desc');
    }

    //if inactive, reset all other functions and add ascending active
    if (elem.classList.contains('inactive')) {
        reset_sort_headers();
        elem.classList.remove('inactive');
        elem.classList.add('active');
    }
}

function is_all_rows_hidden(value) {
  return value.hidden == false;
}

function filter_table(elem) {
    var outcome_att = "data-test-result";
    var outcome = elem.getAttribute(outcome_att);
    class_outcome = outcome + " results-table-row";
    var outcome_rows = document.getElementsByClassName(class_outcome);

    for(var i = 0; i < outcome_rows.length; i++){
        outcome_rows[i].hidden = !elem.checked;
    }

    var rows = find_all('.results-table-row').filter(is_all_rows_hidden);
    var all_rows_hidden = rows.length == 0 ? true : false;
    var not_found_message = document.getElementById("not-found-message");
    not_found_message.hidden = !all_rows_hidden;
}
</script>
    <h1>Test_Run Date 20-04-19 Time 19-13-07.html</h1>
    <p>Report generated on 19-Apr-2020 at 22:14:38 by<a href="https://pypi.python.org/pypi/pytest-html"> pytest-html</a> v1.19.0</p>
    <h2>Environment</h2>
    <table id="environment">
      <tr>
        <td>Environment</td>
        <td>uat</td></tr>
      <tr>
        <td>Packages</td>
        <td>{&apos;pytest&apos;: &apos;5.4.1&apos;, &apos;py&apos;: &apos;1.8.1&apos;, &apos;pluggy&apos;: &apos;0.13.1&apos;}</td></tr>
      <tr>
        <td>Platform</td>
        <td>Windows-10-10.0.18362-SP0</td></tr>
      <tr>
        <td>Plugins</td>
        <td>{&apos;forked&apos;: &apos;1.1.3&apos;, &apos;html&apos;: &apos;1.19.0&apos;, &apos;metadata&apos;: &apos;1.8.0&apos;, &apos;ordering&apos;: &apos;0.6&apos;, &apos;xdist&apos;: &apos;1.31.0&apos;}</td></tr>
      <tr>
        <td>Python</td>
        <td>3.6.2</td></tr></table>
    <h2>Summary</h2>
    <p>3 tests ran in 91.50 seconds. </p>
    <p class="filter" hidden="true">(Un)check the boxes to filter the results.</p><input checked="true" class="filter" data-test-result="passed" disabled="true" hidden="true" name="filter_checkbox" onChange="filter_table(this)" type="checkbox"/><span class="passed">0 passed</span>, <input checked="true" class="filter" data-test-result="skipped" disabled="true" hidden="true" name="filter_checkbox" onChange="filter_table(this)" type="checkbox"/><span class="skipped">0 skipped</span>, <input checked="true" class="filter" data-test-result="failed" hidden="true" name="filter_checkbox" onChange="filter_table(this)" type="checkbox"/><span class="failed">3 failed</span>, <input checked="true" class="filter" data-test-result="error" disabled="true" hidden="true" name="filter_checkbox" onChange="filter_table(this)" type="checkbox"/><span class="error">0 errors</span>, <input checked="true" class="filter" data-test-result="xfailed" disabled="true" hidden="true" name="filter_checkbox" onChange="filter_table(this)" type="checkbox"/><span class="xfailed">0 expected failures</span>, <input checked="true" class="filter" data-test-result="xpassed" disabled="true" hidden="true" name="filter_checkbox" onChange="filter_table(this)" type="checkbox"/><span class="xpassed">0 unexpected passes</span>
    <h2>Results</h2>
    <table id="results-table">
      <thead id="results-table-head">
        <tr>
          <th class="sortable result initial-sort" col="result">Result</th>
          <th class="sortable time" col="time">Time</th>
          <th class="sortable" col="name">Test</th>
          <th>Description</th>
          <th class="sortable numeric" col="duration">Duration</th></tr>
        <tr hidden="true" id="not-found-message">
          <th colspan="5">No results found. Try to check the filters</th></tr></thead>
      <tbody class="failed results-table-row">
        <tr>
          <td class="col-result">Failed</td>
          <td class="col-time">2020-04-19 19:13:35.966881</td>
          <td class="col-name">tests/facebook/test_facebook.py::FaceBookTests::test_prod[0]</td>
          <td>None</td>
          <td class="col-duration">19.05</td></tr>
        <tr>
          <td class="extra" colspan="5">
            <div class="image"><a href="assets/a1cb220d77d21c412c442ca6a0b2d288.png"><img src="assets/a1cb220d77d21c412c442ca6a0b2d288.png"/></a></div>
            <div class="log">self = &lt;pages.FacebookPage.FaceBookPage object at 0x000002C51B2BABA8&gt;, data = &#x27;Tester123&#x27;, locator = &#x27;password&#x27;, locatorType = &#x27;id&#x27;, element = None<br/><br/>    def sendKeys(self, data, locator=&quot;&quot;, locatorType=&quot;id&quot;, element=None):<br/>        try:<br/>            if locator:<br/>&gt;               element = self.getElement(locator, locatorType)<br/><br/>base\selenium_driver.py:133: <br/>_ _ _ _ _ _ _ _ _ _ _ _ _ _ _ _ _ _ _ _ _ _ _ _ _ _ _ _ _ _ _ _ _ _ _ _ _ _ _ _ <br/><br/>self = &lt;pages.FacebookPage.FaceBookPage object at 0x000002C51B2BABA8&gt;, locator = &#x27;password&#x27;, locatorType = &#x27;id&#x27;, timeout_seconds = 20<br/><br/>    def getElement(self, locator, locatorType, timeout_seconds=FrameworkConfig.total_time):<br/>        element = None<br/>        pause_interval = FrameworkConfig.pause_interval_time<br/>        retries = timeout_seconds<br/>        while retries &gt; 0:<br/>            try:<br/>                locatorType = locatorType.lower()<br/>                byType = self.getByType(locatorType)<br/>                element = self.driver.find_element(byType, locator)<br/>                break<br/>            except NoSuchElementException as e:<br/>                if retries &lt;= pause_interval:<br/>                    self.log.info(f&quot;Element &#x27;{locator}&#x27; could not be found despite waiting for {timeout_seconds} seconds, exception : {e}&quot;, exc_info=True)<br/>&gt;                   raise  e<br/><br/>base\selenium_driver.py:99: <br/>_ _ _ _ _ _ _ _ _ _ _ _ _ _ _ _ _ _ _ _ _ _ _ _ _ _ _ _ _ _ _ _ _ _ _ _ _ _ _ _ <br/><br/>self = &lt;pages.FacebookPage.FaceBookPage object at 0x000002C51B2BABA8&gt;, locator = &#x27;password&#x27;, locatorType = &#x27;id&#x27;, timeout_seconds = 20<br/><br/>    def getElement(self, locator, locatorType, timeout_seconds=FrameworkConfig.total_time):<br/>        element = None<br/>        pause_interval = FrameworkConfig.pause_interval_time<br/>        retries = timeout_seconds<br/>        while retries &gt; 0:<br/>            try:<br/>                locatorType = locatorType.lower()<br/>                byType = self.getByType(locatorType)<br/>&gt;               element = self.driver.find_element(byType, locator)<br/><br/>base\selenium_driver.py:94: <br/>_ _ _ _ _ _ _ _ _ _ _ _ _ _ _ _ _ _ _ _ _ _ _ _ _ _ _ _ _ _ _ _ _ _ _ _ _ _ _ _ <br/><br/>self = &lt;selenium.webdriver.chrome.webdriver.WebDriver (session=&quot;c3b63bada15d7fb705cd23e72a5b431d&quot;)&gt;, by = &#x27;css selector&#x27;, value = &#x27;[id=&quot;password&quot;]&#x27;<br/><br/>    def find_element(self, by=By.ID, value=None):<br/>        &quot;&quot;&quot;<br/>        Find an element given a By strategy and locator. Prefer the find_element_by_* methods when<br/>        possible.<br/>    <br/>        :Usage:<br/>            element = driver.find_element(By.ID, &#x27;foo&#x27;)<br/>    <br/>        :rtype: WebElement<br/>        &quot;&quot;&quot;<br/>        if self.w3c:<br/>            if by == By.ID:<br/>                by = By.CSS_SELECTOR<br/>                value = &#x27;[id=&quot;%s&quot;]&#x27; % value<br/>            elif by == By.TAG_NAME:<br/>                by = By.CSS_SELECTOR<br/>            elif by == By.CLASS_NAME:<br/>                by = By.CSS_SELECTOR<br/>                value = &quot;.%s&quot; % value<br/>            elif by == By.NAME:<br/>                by = By.CSS_SELECTOR<br/>                value = &#x27;[name=&quot;%s&quot;]&#x27; % value<br/>        return self.execute(Command.FIND_ELEMENT, {<br/>            &#x27;using&#x27;: by,<br/>&gt;           &#x27;value&#x27;: value})[&#x27;value&#x27;]<br/><br/>..\..\..\appdata\local\programs\python\python36\lib\site-packages\selenium\webdriver\remote\webdriver.py:978: <br/>_ _ _ _ _ _ _ _ _ _ _ _ _ _ _ _ _ _ _ _ _ _ _ _ _ _ _ _ _ _ _ _ _ _ _ _ _ _ _ _ <br/><br/>self = &lt;selenium.webdriver.chrome.webdriver.WebDriver (session=&quot;c3b63bada15d7fb705cd23e72a5b431d&quot;)&gt;, driver_command = &#x27;findElement&#x27;, params = {&#x27;using&#x27;: &#x27;css selector&#x27;, &#x27;value&#x27;: &#x27;[id=&quot;password&quot;]&#x27;}<br/><br/>    def execute(self, driver_command, params=None):<br/>        &quot;&quot;&quot;<br/>        Sends a command to be executed by a command.CommandExecutor.<br/>    <br/>        :Args:<br/>         - driver_command: The name of the command to execute as a string.<br/>         - params: A dictionary of named parameters to send with the command.<br/>    <br/>        :Returns:<br/>          The command&#x27;s JSON response loaded into a dictionary object.<br/>        &quot;&quot;&quot;<br/>        if self.session_id is not None:<br/>            if not params:<br/>                params = {&#x27;sessionId&#x27;: self.session_id}<br/>            elif &#x27;sessionId&#x27; not in params:<br/>                params[&#x27;sessionId&#x27;] = self.session_id<br/>    <br/>        params = self._wrap_value(params)<br/>        response = self.command_executor.execute(driver_command, params)<br/>        if response:<br/>&gt;           self.error_handler.check_response(response)<br/><br/>..\..\..\appdata\local\programs\python\python36\lib\site-packages\selenium\webdriver\remote\webdriver.py:321: <br/>_ _ _ _ _ _ _ _ _ _ _ _ _ _ _ _ _ _ _ _ _ _ _ _ _ _ _ _ _ _ _ _ _ _ _ _ _ _ _ _ <br/><br/>self = &lt;selenium.webdriver.remote.errorhandler.ErrorHandler object at 0x000002C51B2D41D0&gt;<br/>response = {&#x27;status&#x27;: 404, &#x27;value&#x27;: &#x27;{&quot;value&quot;:{&quot;error&quot;:&quot;no such element&quot;,&quot;message&quot;:&quot;no such element: Unable to locate element: {\...\n\\tRtlGetAppContainerNamedObjectPath [0x77EB7C14+228]\\n\\tRtlGetAppContainerNamedObjectPath [0x77EB7BE4+180]\\n&quot;}}&#x27;}<br/><br/>    def check_response(self, response):<br/>        &quot;&quot;&quot;<br/>        Checks that a JSON response from the WebDriver does not have an error.<br/>    <br/>        :Args:<br/>         - response - The JSON response from the WebDriver server as a dictionary<br/>           object.<br/>    <br/>        :Raises: If the response contains an error message.<br/>        &quot;&quot;&quot;<br/>        status = response.get(&#x27;status&#x27;, None)<br/>        if status is None or status == ErrorCode.SUCCESS:<br/>            return<br/>        value = None<br/>        message = response.get(&quot;message&quot;, &quot;&quot;)<br/>        screen = response.get(&quot;screen&quot;, &quot;&quot;)<br/>        stacktrace = None<br/>        if isinstance(status, int):<br/>            value_json = response.get(&#x27;value&#x27;, None)<br/>            if value_json and isinstance(value_json, basestring):<br/>                import json<br/>                try:<br/>                    value = json.loads(value_json)<br/>                    if len(value.keys()) == 1:<br/>                        value = value[&#x27;value&#x27;]<br/>                    status = value.get(&#x27;error&#x27;, None)<br/>                    if status is None:<br/>                        status = value[&quot;status&quot;]<br/>                        message = value[&quot;value&quot;]<br/>                        if not isinstance(message, basestring):<br/>                            value = message<br/>                            message = message.get(&#x27;message&#x27;)<br/>                    else:<br/>                        message = value.get(&#x27;message&#x27;, None)<br/>                except ValueError:<br/>                    pass<br/>    <br/>        exception_class = ErrorInResponseException<br/>        if status in ErrorCode.NO_SUCH_ELEMENT:<br/>            exception_class = NoSuchElementException<br/>        elif status in ErrorCode.NO_SUCH_FRAME:<br/>            exception_class = NoSuchFrameException<br/>        elif status in ErrorCode.NO_SUCH_WINDOW:<br/>            exception_class = NoSuchWindowException<br/>        elif status in ErrorCode.STALE_ELEMENT_REFERENCE:<br/>            exception_class = StaleElementReferenceException<br/>        elif status in ErrorCode.ELEMENT_NOT_VISIBLE:<br/>            exception_class = ElementNotVisibleException<br/>        elif status in ErrorCode.INVALID_ELEMENT_STATE:<br/>            exception_class = InvalidElementStateException<br/>        elif status in ErrorCode.INVALID_SELECTOR \<br/>                or status in ErrorCode.INVALID_XPATH_SELECTOR \<br/>                or status in ErrorCode.INVALID_XPATH_SELECTOR_RETURN_TYPER:<br/>            exception_class = InvalidSelectorException<br/>        elif status in ErrorCode.ELEMENT_IS_NOT_SELECTABLE:<br/>            exception_class = ElementNotSelectableException<br/>        elif status in ErrorCode.ELEMENT_NOT_INTERACTABLE:<br/>            exception_class = ElementNotInteractableException<br/>        elif status in ErrorCode.INVALID_COOKIE_DOMAIN:<br/>            exception_class = InvalidCookieDomainException<br/>        elif status in ErrorCode.UNABLE_TO_SET_COOKIE:<br/>            exception_class = UnableToSetCookieException<br/>        elif status in ErrorCode.TIMEOUT:<br/>            exception_class = TimeoutException<br/>        elif status in ErrorCode.SCRIPT_TIMEOUT:<br/>            exception_class = TimeoutException<br/>        elif status in ErrorCode.UNKNOWN_ERROR:<br/>            exception_class = WebDriverException<br/>        elif status in ErrorCode.UNEXPECTED_ALERT_OPEN:<br/>            exception_class = UnexpectedAlertPresentException<br/>        elif status in ErrorCode.NO_ALERT_OPEN:<br/>            exception_class = NoAlertPresentException<br/>        elif status in ErrorCode.IME_NOT_AVAILABLE:<br/>            exception_class = ImeNotAvailableException<br/>        elif status in ErrorCode.IME_ENGINE_ACTIVATION_FAILED:<br/>            exception_class = ImeActivationFailedException<br/>        elif status in ErrorCode.MOVE_TARGET_OUT_OF_BOUNDS:<br/>            exception_class = MoveTargetOutOfBoundsException<br/>        elif status in ErrorCode.JAVASCRIPT_ERROR:<br/>            exception_class = JavascriptException<br/>        elif status in ErrorCode.SESSION_NOT_CREATED:<br/>            exception_class = SessionNotCreatedException<br/>        elif status in ErrorCode.INVALID_ARGUMENT:<br/>            exception_class = InvalidArgumentException<br/>        elif status in ErrorCode.NO_SUCH_COOKIE:<br/>            exception_class = NoSuchCookieException<br/>        elif status in ErrorCode.UNABLE_TO_CAPTURE_SCREEN:<br/>            exception_class = ScreenshotException<br/>        elif status in ErrorCode.ELEMENT_CLICK_INTERCEPTED:<br/>            exception_class = ElementClickInterceptedException<br/>        elif status in ErrorCode.INSECURE_CERTIFICATE:<br/>            exception_class = InsecureCertificateException<br/>        elif status in ErrorCode.INVALID_COORDINATES:<br/>            exception_class = InvalidCoordinatesException<br/>        elif status in ErrorCode.INVALID_SESSION_ID:<br/>            exception_class = InvalidSessionIdException<br/>        elif status in ErrorCode.UNKNOWN_METHOD:<br/>            exception_class = UnknownMethodException<br/>        else:<br/>            exception_class = WebDriverException<br/>        if value == &#x27;&#x27; or value is None:<br/>            value = response[&#x27;value&#x27;]<br/>        if isinstance(value, basestring):<br/>            if exception_class == ErrorInResponseException:<br/>                raise exception_class(response, value)<br/>            raise exception_class(value)<br/>        if message == &quot;&quot; and &#x27;message&#x27; in value:<br/>            message = value[&#x27;message&#x27;]<br/>    <br/>        screen = None<br/>        if &#x27;screen&#x27; in value:<br/>            screen = value[&#x27;screen&#x27;]<br/>    <br/>        stacktrace = None<br/>        if &#x27;stackTrace&#x27; in value and value[&#x27;stackTrace&#x27;]:<br/>            stacktrace = []<br/>            try:<br/>                for frame in value[&#x27;stackTrace&#x27;]:<br/>                    line = self._value_or_default(frame, &#x27;lineNumber&#x27;, &#x27;&#x27;)<br/>                    file = self._value_or_default(frame, &#x27;fileName&#x27;, &#x27;&lt;anonymous&gt;&#x27;)<br/>                    if line:<br/>                        file = &quot;%s:%s&quot; % (file, line)<br/>                    meth = self._value_or_default(frame, &#x27;methodName&#x27;, &#x27;&lt;anonymous&gt;&#x27;)<br/>                    if &#x27;className&#x27; in frame:<br/>                        meth = &quot;%s.%s&quot; % (frame[&#x27;className&#x27;], meth)<br/>                    msg = &quot;    at %s (%s)&quot;<br/>                    msg = msg % (meth, file)<br/>                    stacktrace.append(msg)<br/>            except TypeError:<br/>                pass<br/>        if exception_class == ErrorInResponseException:<br/>            raise exception_class(response, message)<br/>        elif exception_class == UnexpectedAlertPresentException:<br/>            alert_text = None<br/>            if &#x27;data&#x27; in value:<br/>                alert_text = value[&#x27;data&#x27;].get(&#x27;text&#x27;)<br/>            elif &#x27;alert&#x27; in value:<br/>                alert_text = value[&#x27;alert&#x27;].get(&#x27;text&#x27;)<br/>            raise exception_class(message, screen, stacktrace, alert_text)<br/>&gt;       raise exception_class(message, screen, stacktrace)<br/><span class="error">E       selenium.common.exceptions.NoSuchElementException: Message: no such element: Unable to locate element: {&quot;method&quot;:&quot;css selector&quot;,&quot;selector&quot;:&quot;[id=&quot;password&quot;]&quot;}</span><br/><span class="error">E         (Session info: chrome=81.0.4044.113)</span><br/><br/>..\..\..\appdata\local\programs\python\python36\lib\site-packages\selenium\webdriver\remote\errorhandler.py:242: NoSuchElementException<br/><br/>During handling of the above exception, another exception occurred:<br/><br/>self = &lt;test_facebook.FaceBookTests object at 0x000002C51B2BA6A0&gt;, number = 0<br/><br/>    @pytest.mark.prod<br/>    @pytest.mark.parametrize(&quot;number&quot;, range(3))<br/>    def test_prod(self, number):<br/>        self.fb.go_to_fb()<br/>&gt;       self.fb.fb_login(&quot;g3wtest01@gmail.com&quot;, &quot;Tester123&quot;)<br/><br/>tests\facebook\test_facebook.py:17: <br/>_ _ _ _ _ _ _ _ _ _ _ _ _ _ _ _ _ _ _ _ _ _ _ _ _ _ _ _ _ _ _ _ _ _ _ _ _ _ _ _ <br/>pages\FacebookPage.py:35: in fb_login<br/>    self.enter_pass(password)<br/>pages\FacebookPage.py:28: in enter_pass<br/>    self.sendKeys(password, self._fb_password, locatorType=&quot;id&quot;)<br/>_ _ _ _ _ _ _ _ _ _ _ _ _ _ _ _ _ _ _ _ _ _ _ _ _ _ _ _ _ _ _ _ _ _ _ _ _ _ _ _ <br/><br/>self = &lt;pages.FacebookPage.FaceBookPage object at 0x000002C51B2BABA8&gt;, data = &#x27;Tester123&#x27;, locator = &#x27;password&#x27;, locatorType = &#x27;id&#x27;, element = None<br/><br/>    def sendKeys(self, data, locator=&quot;&quot;, locatorType=&quot;id&quot;, element=None):<br/>        try:<br/>            if locator:<br/>                element = self.getElement(locator, locatorType)<br/>            element.send_keys(data)<br/>        except NoSuchElementException as e:<br/>            self.log.error(f&quot;Cannot send data on the element &#x27;{element}&#x27;, with  locatorType &#x27;{locatorType}&#x27; {e}&quot;)<br/>&gt;           raise Exception(f&quot;Cannot send data on the element &#x27;{element}&#x27;, with  locatorType &#x27;{locatorType}&#x27; {e}&quot;)<br/><span class="error">E           Exception: Cannot send data on the element &#x27;None&#x27;, with  locatorType &#x27;id&#x27; Message: no such element: Unable to locate element: {&quot;method&quot;:&quot;css selector&quot;,&quot;selector&quot;:&quot;[id=&quot;password&quot;]&quot;}</span><br/><span class="error">E             (Session info: chrome=81.0.4044.113)</span><br/><br/>base\selenium_driver.py:137: Exception<br/>------------------------------ Captured log call -------------------------------<br/><span class="ansi32">INFO    </span> FaceBookPage:selenium_driver.py:103 Waiting for the element &#x27;password&#x27; 2 more seconds to be displayed 
<span class="ansi32">INFO    </span> FaceBookPage:selenium_driver.py:103 Waiting for the element &#x27;password&#x27; 2 more seconds to be displayed 
<span class="ansi32">INFO    </span> FaceBookPage:selenium_driver.py:103 Waiting for the element &#x27;password&#x27; 2 more seconds to be displayed 
<span class="ansi32">INFO    </span> FaceBookPage:selenium_driver.py:103 Waiting for the element &#x27;password&#x27; 2 more seconds to be displayed 
<span class="ansi32">INFO    </span> FaceBookPage:selenium_driver.py:103 Waiting for the element &#x27;password&#x27; 2 more seconds to be displayed 
<span class="ansi32">INFO    </span> FaceBookPage:selenium_driver.py:103 Waiting for the element &#x27;password&#x27; 2 more seconds to be displayed 
<span class="ansi32">INFO    </span> FaceBookPage:selenium_driver.py:103 Waiting for the element &#x27;password&#x27; 2 more seconds to be displayed 
<span class="ansi32">INFO    </span> FaceBookPage:selenium_driver.py:103 Waiting for the element &#x27;password&#x27; 2 more seconds to be displayed 
<span class="ansi32">INFO    </span> FaceBookPage:selenium_driver.py:103 Waiting for the element &#x27;password&#x27; 2 more seconds to be displayed 
<span class="ansi32">INFO    </span> FaceBookPage:selenium_driver.py:98 Element &#x27;password&#x27; could not be found despite waiting for 20 seconds, exception : Message: no such element: Unable to locate element: {&quot;method&quot;:&quot;css selector&quot;,&quot;selector&quot;:&quot;[id=&quot;password&quot;]&quot;}
  (Session info: chrome=81.0.4044.113)
Traceback (most recent call last):
  File &quot;C:\Users\arend\OneDrive\Desktop\automation_fw\base\selenium_driver.py&quot;, line 94, in getElement
    element = self.driver.find_element(byType, locator)
  File &quot;c:\users\arend\appdata\local\programs\python\python36\lib\site-packages\selenium\webdriver\remote\webdriver.py&quot;, line 978, in find_element
    &#x27;value&#x27;: value})[&#x27;value&#x27;]
  File &quot;c:\users\arend\appdata\local\programs\python\python36\lib\site-packages\selenium\webdriver\remote\webdriver.py&quot;, line 321, in execute
    self.error_handler.check_response(response)
  File &quot;c:\users\arend\appdata\local\programs\python\python36\lib\site-packages\selenium\webdriver\remote\errorhandler.py&quot;, line 242, in check_response
    raise exception_class(message, screen, stacktrace)
selenium.common.exceptions.NoSuchElementException: Message: no such element: Unable to locate element: {&quot;method&quot;:&quot;css selector&quot;,&quot;selector&quot;:&quot;[id=&quot;password&quot;]&quot;}
  (Session info: chrome=81.0.4044.113)

<span class="ansi1"></span><span class="ansi1 ansi31">ERROR   </span> FaceBookPage:selenium_driver.py:136 Cannot send data on the element &#x27;None&#x27;, with  locatorType &#x27;id&#x27; Message: no such element: Unable to locate element: {&quot;method&quot;:&quot;css selector&quot;,&quot;selector&quot;:&quot;[id=&quot;password&quot;]&quot;}
  (Session info: chrome=81.0.4044.113)</div></td></tr></tbody>
      <tbody class="failed results-table-row">
        <tr>
          <td class="col-result">Failed</td>
          <td class="col-time">2020-04-19 19:14:06.914831</td>
          <td class="col-name">tests/facebook/test_facebook.py::FaceBookTests::test_prod[1]</td>
          <td>None</td>
          <td class="col-duration">18.97</td></tr>
        <tr>
          <td class="extra" colspan="5">
            <div class="image"><a href="assets/0ef865b70fafd4a3bbe1eb390ced435c.png"><img src="assets/0ef865b70fafd4a3bbe1eb390ced435c.png"/></a></div>
            <div class="log">self = &lt;pages.FacebookPage.FaceBookPage object at 0x000002C51B2BAD30&gt;, data = &#x27;Tester123&#x27;, locator = &#x27;password&#x27;, locatorType = &#x27;id&#x27;, element = None<br/><br/>    def sendKeys(self, data, locator=&quot;&quot;, locatorType=&quot;id&quot;, element=None):<br/>        try:<br/>            if locator:<br/>&gt;               element = self.getElement(locator, locatorType)<br/><br/>base\selenium_driver.py:133: <br/>_ _ _ _ _ _ _ _ _ _ _ _ _ _ _ _ _ _ _ _ _ _ _ _ _ _ _ _ _ _ _ _ _ _ _ _ _ _ _ _ <br/><br/>self = &lt;pages.FacebookPage.FaceBookPage object at 0x000002C51B2BAD30&gt;, locator = &#x27;password&#x27;, locatorType = &#x27;id&#x27;, timeout_seconds = 20<br/><br/>    def getElement(self, locator, locatorType, timeout_seconds=FrameworkConfig.total_time):<br/>        element = None<br/>        pause_interval = FrameworkConfig.pause_interval_time<br/>        retries = timeout_seconds<br/>        while retries &gt; 0:<br/>            try:<br/>                locatorType = locatorType.lower()<br/>                byType = self.getByType(locatorType)<br/>                element = self.driver.find_element(byType, locator)<br/>                break<br/>            except NoSuchElementException as e:<br/>                if retries &lt;= pause_interval:<br/>                    self.log.info(f&quot;Element &#x27;{locator}&#x27; could not be found despite waiting for {timeout_seconds} seconds, exception : {e}&quot;, exc_info=True)<br/>&gt;                   raise  e<br/><br/>base\selenium_driver.py:99: <br/>_ _ _ _ _ _ _ _ _ _ _ _ _ _ _ _ _ _ _ _ _ _ _ _ _ _ _ _ _ _ _ _ _ _ _ _ _ _ _ _ <br/><br/>self = &lt;pages.FacebookPage.FaceBookPage object at 0x000002C51B2BAD30&gt;, locator = &#x27;password&#x27;, locatorType = &#x27;id&#x27;, timeout_seconds = 20<br/><br/>    def getElement(self, locator, locatorType, timeout_seconds=FrameworkConfig.total_time):<br/>        element = None<br/>        pause_interval = FrameworkConfig.pause_interval_time<br/>        retries = timeout_seconds<br/>        while retries &gt; 0:<br/>            try:<br/>                locatorType = locatorType.lower()<br/>                byType = self.getByType(locatorType)<br/>&gt;               element = self.driver.find_element(byType, locator)<br/><br/>base\selenium_driver.py:94: <br/>_ _ _ _ _ _ _ _ _ _ _ _ _ _ _ _ _ _ _ _ _ _ _ _ _ _ _ _ _ _ _ _ _ _ _ _ _ _ _ _ <br/><br/>self = &lt;selenium.webdriver.chrome.webdriver.WebDriver (session=&quot;d72f76b1a03a97f069665bb61a3bce8f&quot;)&gt;, by = &#x27;css selector&#x27;, value = &#x27;[id=&quot;password&quot;]&#x27;<br/><br/>    def find_element(self, by=By.ID, value=None):<br/>        &quot;&quot;&quot;<br/>        Find an element given a By strategy and locator. Prefer the find_element_by_* methods when<br/>        possible.<br/>    <br/>        :Usage:<br/>            element = driver.find_element(By.ID, &#x27;foo&#x27;)<br/>    <br/>        :rtype: WebElement<br/>        &quot;&quot;&quot;<br/>        if self.w3c:<br/>            if by == By.ID:<br/>                by = By.CSS_SELECTOR<br/>                value = &#x27;[id=&quot;%s&quot;]&#x27; % value<br/>            elif by == By.TAG_NAME:<br/>                by = By.CSS_SELECTOR<br/>            elif by == By.CLASS_NAME:<br/>                by = By.CSS_SELECTOR<br/>                value = &quot;.%s&quot; % value<br/>            elif by == By.NAME:<br/>                by = By.CSS_SELECTOR<br/>                value = &#x27;[name=&quot;%s&quot;]&#x27; % value<br/>        return self.execute(Command.FIND_ELEMENT, {<br/>            &#x27;using&#x27;: by,<br/>&gt;           &#x27;value&#x27;: value})[&#x27;value&#x27;]<br/><br/>..\..\..\appdata\local\programs\python\python36\lib\site-packages\selenium\webdriver\remote\webdriver.py:978: <br/>_ _ _ _ _ _ _ _ _ _ _ _ _ _ _ _ _ _ _ _ _ _ _ _ _ _ _ _ _ _ _ _ _ _ _ _ _ _ _ _ <br/><br/>self = &lt;selenium.webdriver.chrome.webdriver.WebDriver (session=&quot;d72f76b1a03a97f069665bb61a3bce8f&quot;)&gt;, driver_command = &#x27;findElement&#x27;, params = {&#x27;using&#x27;: &#x27;css selector&#x27;, &#x27;value&#x27;: &#x27;[id=&quot;password&quot;]&#x27;}<br/><br/>    def execute(self, driver_command, params=None):<br/>        &quot;&quot;&quot;<br/>        Sends a command to be executed by a command.CommandExecutor.<br/>    <br/>        :Args:<br/>         - driver_command: The name of the command to execute as a string.<br/>         - params: A dictionary of named parameters to send with the command.<br/>    <br/>        :Returns:<br/>          The command&#x27;s JSON response loaded into a dictionary object.<br/>        &quot;&quot;&quot;<br/>        if self.session_id is not None:<br/>            if not params:<br/>                params = {&#x27;sessionId&#x27;: self.session_id}<br/>            elif &#x27;sessionId&#x27; not in params:<br/>                params[&#x27;sessionId&#x27;] = self.session_id<br/>    <br/>        params = self._wrap_value(params)<br/>        response = self.command_executor.execute(driver_command, params)<br/>        if response:<br/>&gt;           self.error_handler.check_response(response)<br/><br/>..\..\..\appdata\local\programs\python\python36\lib\site-packages\selenium\webdriver\remote\webdriver.py:321: <br/>_ _ _ _ _ _ _ _ _ _ _ _ _ _ _ _ _ _ _ _ _ _ _ _ _ _ _ _ _ _ _ _ _ _ _ _ _ _ _ _ <br/><br/>self = &lt;selenium.webdriver.remote.errorhandler.ErrorHandler object at 0x000002C51B402D30&gt;<br/>response = {&#x27;status&#x27;: 404, &#x27;value&#x27;: &#x27;{&quot;value&quot;:{&quot;error&quot;:&quot;no such element&quot;,&quot;message&quot;:&quot;no such element: Unable to locate element: {\...\n\\tRtlGetAppContainerNamedObjectPath [0x77EB7C14+228]\\n\\tRtlGetAppContainerNamedObjectPath [0x77EB7BE4+180]\\n&quot;}}&#x27;}<br/><br/>    def check_response(self, response):<br/>        &quot;&quot;&quot;<br/>        Checks that a JSON response from the WebDriver does not have an error.<br/>    <br/>        :Args:<br/>         - response - The JSON response from the WebDriver server as a dictionary<br/>           object.<br/>    <br/>        :Raises: If the response contains an error message.<br/>        &quot;&quot;&quot;<br/>        status = response.get(&#x27;status&#x27;, None)<br/>        if status is None or status == ErrorCode.SUCCESS:<br/>            return<br/>        value = None<br/>        message = response.get(&quot;message&quot;, &quot;&quot;)<br/>        screen = response.get(&quot;screen&quot;, &quot;&quot;)<br/>        stacktrace = None<br/>        if isinstance(status, int):<br/>            value_json = response.get(&#x27;value&#x27;, None)<br/>            if value_json and isinstance(value_json, basestring):<br/>                import json<br/>                try:<br/>                    value = json.loads(value_json)<br/>                    if len(value.keys()) == 1:<br/>                        value = value[&#x27;value&#x27;]<br/>                    status = value.get(&#x27;error&#x27;, None)<br/>                    if status is None:<br/>                        status = value[&quot;status&quot;]<br/>                        message = value[&quot;value&quot;]<br/>                        if not isinstance(message, basestring):<br/>                            value = message<br/>                            message = message.get(&#x27;message&#x27;)<br/>                    else:<br/>                        message = value.get(&#x27;message&#x27;, None)<br/>                except ValueError:<br/>                    pass<br/>    <br/>        exception_class = ErrorInResponseException<br/>        if status in ErrorCode.NO_SUCH_ELEMENT:<br/>            exception_class = NoSuchElementException<br/>        elif status in ErrorCode.NO_SUCH_FRAME:<br/>            exception_class = NoSuchFrameException<br/>        elif status in ErrorCode.NO_SUCH_WINDOW:<br/>            exception_class = NoSuchWindowException<br/>        elif status in ErrorCode.STALE_ELEMENT_REFERENCE:<br/>            exception_class = StaleElementReferenceException<br/>        elif status in ErrorCode.ELEMENT_NOT_VISIBLE:<br/>            exception_class = ElementNotVisibleException<br/>        elif status in ErrorCode.INVALID_ELEMENT_STATE:<br/>            exception_class = InvalidElementStateException<br/>        elif status in ErrorCode.INVALID_SELECTOR \<br/>                or status in ErrorCode.INVALID_XPATH_SELECTOR \<br/>                or status in ErrorCode.INVALID_XPATH_SELECTOR_RETURN_TYPER:<br/>            exception_class = InvalidSelectorException<br/>        elif status in ErrorCode.ELEMENT_IS_NOT_SELECTABLE:<br/>            exception_class = ElementNotSelectableException<br/>        elif status in ErrorCode.ELEMENT_NOT_INTERACTABLE:<br/>            exception_class = ElementNotInteractableException<br/>        elif status in ErrorCode.INVALID_COOKIE_DOMAIN:<br/>            exception_class = InvalidCookieDomainException<br/>        elif status in ErrorCode.UNABLE_TO_SET_COOKIE:<br/>            exception_class = UnableToSetCookieException<br/>        elif status in ErrorCode.TIMEOUT:<br/>            exception_class = TimeoutException<br/>        elif status in ErrorCode.SCRIPT_TIMEOUT:<br/>            exception_class = TimeoutException<br/>        elif status in ErrorCode.UNKNOWN_ERROR:<br/>            exception_class = WebDriverException<br/>        elif status in ErrorCode.UNEXPECTED_ALERT_OPEN:<br/>            exception_class = UnexpectedAlertPresentException<br/>        elif status in ErrorCode.NO_ALERT_OPEN:<br/>            exception_class = NoAlertPresentException<br/>        elif status in ErrorCode.IME_NOT_AVAILABLE:<br/>            exception_class = ImeNotAvailableException<br/>        elif status in ErrorCode.IME_ENGINE_ACTIVATION_FAILED:<br/>            exception_class = ImeActivationFailedException<br/>        elif status in ErrorCode.MOVE_TARGET_OUT_OF_BOUNDS:<br/>            exception_class = MoveTargetOutOfBoundsException<br/>        elif status in ErrorCode.JAVASCRIPT_ERROR:<br/>            exception_class = JavascriptException<br/>        elif status in ErrorCode.SESSION_NOT_CREATED:<br/>            exception_class = SessionNotCreatedException<br/>        elif status in ErrorCode.INVALID_ARGUMENT:<br/>            exception_class = InvalidArgumentException<br/>        elif status in ErrorCode.NO_SUCH_COOKIE:<br/>            exception_class = NoSuchCookieException<br/>        elif status in ErrorCode.UNABLE_TO_CAPTURE_SCREEN:<br/>            exception_class = ScreenshotException<br/>        elif status in ErrorCode.ELEMENT_CLICK_INTERCEPTED:<br/>            exception_class = ElementClickInterceptedException<br/>        elif status in ErrorCode.INSECURE_CERTIFICATE:<br/>            exception_class = InsecureCertificateException<br/>        elif status in ErrorCode.INVALID_COORDINATES:<br/>            exception_class = InvalidCoordinatesException<br/>        elif status in ErrorCode.INVALID_SESSION_ID:<br/>            exception_class = InvalidSessionIdException<br/>        elif status in ErrorCode.UNKNOWN_METHOD:<br/>            exception_class = UnknownMethodException<br/>        else:<br/>            exception_class = WebDriverException<br/>        if value == &#x27;&#x27; or value is None:<br/>            value = response[&#x27;value&#x27;]<br/>        if isinstance(value, basestring):<br/>            if exception_class == ErrorInResponseException:<br/>                raise exception_class(response, value)<br/>            raise exception_class(value)<br/>        if message == &quot;&quot; and &#x27;message&#x27; in value:<br/>            message = value[&#x27;message&#x27;]<br/>    <br/>        screen = None<br/>        if &#x27;screen&#x27; in value:<br/>            screen = value[&#x27;screen&#x27;]<br/>    <br/>        stacktrace = None<br/>        if &#x27;stackTrace&#x27; in value and value[&#x27;stackTrace&#x27;]:<br/>            stacktrace = []<br/>            try:<br/>                for frame in value[&#x27;stackTrace&#x27;]:<br/>                    line = self._value_or_default(frame, &#x27;lineNumber&#x27;, &#x27;&#x27;)<br/>                    file = self._value_or_default(frame, &#x27;fileName&#x27;, &#x27;&lt;anonymous&gt;&#x27;)<br/>                    if line:<br/>                        file = &quot;%s:%s&quot; % (file, line)<br/>                    meth = self._value_or_default(frame, &#x27;methodName&#x27;, &#x27;&lt;anonymous&gt;&#x27;)<br/>                    if &#x27;className&#x27; in frame:<br/>                        meth = &quot;%s.%s&quot; % (frame[&#x27;className&#x27;], meth)<br/>                    msg = &quot;    at %s (%s)&quot;<br/>                    msg = msg % (meth, file)<br/>                    stacktrace.append(msg)<br/>            except TypeError:<br/>                pass<br/>        if exception_class == ErrorInResponseException:<br/>            raise exception_class(response, message)<br/>        elif exception_class == UnexpectedAlertPresentException:<br/>            alert_text = None<br/>            if &#x27;data&#x27; in value:<br/>                alert_text = value[&#x27;data&#x27;].get(&#x27;text&#x27;)<br/>            elif &#x27;alert&#x27; in value:<br/>                alert_text = value[&#x27;alert&#x27;].get(&#x27;text&#x27;)<br/>            raise exception_class(message, screen, stacktrace, alert_text)<br/>&gt;       raise exception_class(message, screen, stacktrace)<br/><span class="error">E       selenium.common.exceptions.NoSuchElementException: Message: no such element: Unable to locate element: {&quot;method&quot;:&quot;css selector&quot;,&quot;selector&quot;:&quot;[id=&quot;password&quot;]&quot;}</span><br/><span class="error">E         (Session info: chrome=81.0.4044.113)</span><br/><br/>..\..\..\appdata\local\programs\python\python36\lib\site-packages\selenium\webdriver\remote\errorhandler.py:242: NoSuchElementException<br/><br/>During handling of the above exception, another exception occurred:<br/><br/>self = &lt;test_facebook.FaceBookTests object at 0x000002C51B2E3B70&gt;, number = 1<br/><br/>    @pytest.mark.prod<br/>    @pytest.mark.parametrize(&quot;number&quot;, range(3))<br/>    def test_prod(self, number):<br/>        self.fb.go_to_fb()<br/>&gt;       self.fb.fb_login(&quot;g3wtest01@gmail.com&quot;, &quot;Tester123&quot;)<br/><br/>tests\facebook\test_facebook.py:17: <br/>_ _ _ _ _ _ _ _ _ _ _ _ _ _ _ _ _ _ _ _ _ _ _ _ _ _ _ _ _ _ _ _ _ _ _ _ _ _ _ _ <br/>pages\FacebookPage.py:35: in fb_login<br/>    self.enter_pass(password)<br/>pages\FacebookPage.py:28: in enter_pass<br/>    self.sendKeys(password, self._fb_password, locatorType=&quot;id&quot;)<br/>_ _ _ _ _ _ _ _ _ _ _ _ _ _ _ _ _ _ _ _ _ _ _ _ _ _ _ _ _ _ _ _ _ _ _ _ _ _ _ _ <br/><br/>self = &lt;pages.FacebookPage.FaceBookPage object at 0x000002C51B2BAD30&gt;, data = &#x27;Tester123&#x27;, locator = &#x27;password&#x27;, locatorType = &#x27;id&#x27;, element = None<br/><br/>    def sendKeys(self, data, locator=&quot;&quot;, locatorType=&quot;id&quot;, element=None):<br/>        try:<br/>            if locator:<br/>                element = self.getElement(locator, locatorType)<br/>            element.send_keys(data)<br/>        except NoSuchElementException as e:<br/>            self.log.error(f&quot;Cannot send data on the element &#x27;{element}&#x27;, with  locatorType &#x27;{locatorType}&#x27; {e}&quot;)<br/>&gt;           raise Exception(f&quot;Cannot send data on the element &#x27;{element}&#x27;, with  locatorType &#x27;{locatorType}&#x27; {e}&quot;)<br/><span class="error">E           Exception: Cannot send data on the element &#x27;None&#x27;, with  locatorType &#x27;id&#x27; Message: no such element: Unable to locate element: {&quot;method&quot;:&quot;css selector&quot;,&quot;selector&quot;:&quot;[id=&quot;password&quot;]&quot;}</span><br/><span class="error">E             (Session info: chrome=81.0.4044.113)</span><br/><br/>base\selenium_driver.py:137: Exception<br/>------------------------------ Captured log call -------------------------------<br/><span class="ansi32">INFO    </span> FaceBookPage:selenium_driver.py:103 Waiting for the element &#x27;password&#x27; 2 more seconds to be displayed 
<span class="ansi32">INFO    </span> FaceBookPage:selenium_driver.py:103 Waiting for the element &#x27;password&#x27; 2 more seconds to be displayed 
<span class="ansi32">INFO    </span> FaceBookPage:selenium_driver.py:103 Waiting for the element &#x27;password&#x27; 2 more seconds to be displayed 
<span class="ansi32">INFO    </span> FaceBookPage:selenium_driver.py:103 Waiting for the element &#x27;password&#x27; 2 more seconds to be displayed 
<span class="ansi32">INFO    </span> FaceBookPage:selenium_driver.py:103 Waiting for the element &#x27;password&#x27; 2 more seconds to be displayed 
<span class="ansi32">INFO    </span> FaceBookPage:selenium_driver.py:103 Waiting for the element &#x27;password&#x27; 2 more seconds to be displayed 
<span class="ansi32">INFO    </span> FaceBookPage:selenium_driver.py:103 Waiting for the element &#x27;password&#x27; 2 more seconds to be displayed 
<span class="ansi32">INFO    </span> FaceBookPage:selenium_driver.py:103 Waiting for the element &#x27;password&#x27; 2 more seconds to be displayed 
<span class="ansi32">INFO    </span> FaceBookPage:selenium_driver.py:103 Waiting for the element &#x27;password&#x27; 2 more seconds to be displayed 
<span class="ansi32">INFO    </span> FaceBookPage:selenium_driver.py:98 Element &#x27;password&#x27; could not be found despite waiting for 20 seconds, exception : Message: no such element: Unable to locate element: {&quot;method&quot;:&quot;css selector&quot;,&quot;selector&quot;:&quot;[id=&quot;password&quot;]&quot;}
  (Session info: chrome=81.0.4044.113)
Traceback (most recent call last):
  File &quot;C:\Users\arend\OneDrive\Desktop\automation_fw\base\selenium_driver.py&quot;, line 94, in getElement
    element = self.driver.find_element(byType, locator)
  File &quot;c:\users\arend\appdata\local\programs\python\python36\lib\site-packages\selenium\webdriver\remote\webdriver.py&quot;, line 978, in find_element
    &#x27;value&#x27;: value})[&#x27;value&#x27;]
  File &quot;c:\users\arend\appdata\local\programs\python\python36\lib\site-packages\selenium\webdriver\remote\webdriver.py&quot;, line 321, in execute
    self.error_handler.check_response(response)
  File &quot;c:\users\arend\appdata\local\programs\python\python36\lib\site-packages\selenium\webdriver\remote\errorhandler.py&quot;, line 242, in check_response
    raise exception_class(message, screen, stacktrace)
selenium.common.exceptions.NoSuchElementException: Message: no such element: Unable to locate element: {&quot;method&quot;:&quot;css selector&quot;,&quot;selector&quot;:&quot;[id=&quot;password&quot;]&quot;}
  (Session info: chrome=81.0.4044.113)

<span class="ansi1"></span><span class="ansi1 ansi31">ERROR   </span> FaceBookPage:selenium_driver.py:136 Cannot send data on the element &#x27;None&#x27;, with  locatorType &#x27;id&#x27; Message: no such element: Unable to locate element: {&quot;method&quot;:&quot;css selector&quot;,&quot;selector&quot;:&quot;[id=&quot;password&quot;]&quot;}
  (Session info: chrome=81.0.4044.113)</div></td></tr></tbody>
      <tbody class="failed results-table-row">
        <tr>
          <td class="col-result">Failed</td>
          <td class="col-time">2020-04-19 19:14:36.277534</td>
          <td class="col-name">tests/facebook/test_facebook.py::FaceBookTests::test_prod[2]</td>
          <td>None</td>
          <td class="col-duration">19.40</td></tr>
        <tr>
          <td class="extra" colspan="5">
            <div class="image"><a href="assets/949b06dbf085e19a4fa378eb477f523f.png"><img src="assets/949b06dbf085e19a4fa378eb477f523f.png"/></a></div>
            <div class="log">self = &lt;pages.FacebookPage.FaceBookPage object at 0x000002C51B3B9080&gt;, data = &#x27;Tester123&#x27;, locator = &#x27;password&#x27;, locatorType = &#x27;id&#x27;, element = None<br/><br/>    def sendKeys(self, data, locator=&quot;&quot;, locatorType=&quot;id&quot;, element=None):<br/>        try:<br/>            if locator:<br/>&gt;               element = self.getElement(locator, locatorType)<br/><br/>base\selenium_driver.py:133: <br/>_ _ _ _ _ _ _ _ _ _ _ _ _ _ _ _ _ _ _ _ _ _ _ _ _ _ _ _ _ _ _ _ _ _ _ _ _ _ _ _ <br/><br/>self = &lt;pages.FacebookPage.FaceBookPage object at 0x000002C51B3B9080&gt;, locator = &#x27;password&#x27;, locatorType = &#x27;id&#x27;, timeout_seconds = 20<br/><br/>    def getElement(self, locator, locatorType, timeout_seconds=FrameworkConfig.total_time):<br/>        element = None<br/>        pause_interval = FrameworkConfig.pause_interval_time<br/>        retries = timeout_seconds<br/>        while retries &gt; 0:<br/>            try:<br/>                locatorType = locatorType.lower()<br/>                byType = self.getByType(locatorType)<br/>                element = self.driver.find_element(byType, locator)<br/>                break<br/>            except NoSuchElementException as e:<br/>                if retries &lt;= pause_interval:<br/>                    self.log.info(f&quot;Element &#x27;{locator}&#x27; could not be found despite waiting for {timeout_seconds} seconds, exception : {e}&quot;, exc_info=True)<br/>&gt;                   raise  e<br/><br/>base\selenium_driver.py:99: <br/>_ _ _ _ _ _ _ _ _ _ _ _ _ _ _ _ _ _ _ _ _ _ _ _ _ _ _ _ _ _ _ _ _ _ _ _ _ _ _ _ <br/><br/>self = &lt;pages.FacebookPage.FaceBookPage object at 0x000002C51B3B9080&gt;, locator = &#x27;password&#x27;, locatorType = &#x27;id&#x27;, timeout_seconds = 20<br/><br/>    def getElement(self, locator, locatorType, timeout_seconds=FrameworkConfig.total_time):<br/>        element = None<br/>        pause_interval = FrameworkConfig.pause_interval_time<br/>        retries = timeout_seconds<br/>        while retries &gt; 0:<br/>            try:<br/>                locatorType = locatorType.lower()<br/>                byType = self.getByType(locatorType)<br/>&gt;               element = self.driver.find_element(byType, locator)<br/><br/>base\selenium_driver.py:94: <br/>_ _ _ _ _ _ _ _ _ _ _ _ _ _ _ _ _ _ _ _ _ _ _ _ _ _ _ _ _ _ _ _ _ _ _ _ _ _ _ _ <br/><br/>self = &lt;selenium.webdriver.chrome.webdriver.WebDriver (session=&quot;0465922e6392b4a47f1dca0ec16ad62c&quot;)&gt;, by = &#x27;css selector&#x27;, value = &#x27;[id=&quot;password&quot;]&#x27;<br/><br/>    def find_element(self, by=By.ID, value=None):<br/>        &quot;&quot;&quot;<br/>        Find an element given a By strategy and locator. Prefer the find_element_by_* methods when<br/>        possible.<br/>    <br/>        :Usage:<br/>            element = driver.find_element(By.ID, &#x27;foo&#x27;)<br/>    <br/>        :rtype: WebElement<br/>        &quot;&quot;&quot;<br/>        if self.w3c:<br/>            if by == By.ID:<br/>                by = By.CSS_SELECTOR<br/>                value = &#x27;[id=&quot;%s&quot;]&#x27; % value<br/>            elif by == By.TAG_NAME:<br/>                by = By.CSS_SELECTOR<br/>            elif by == By.CLASS_NAME:<br/>                by = By.CSS_SELECTOR<br/>                value = &quot;.%s&quot; % value<br/>            elif by == By.NAME:<br/>                by = By.CSS_SELECTOR<br/>                value = &#x27;[name=&quot;%s&quot;]&#x27; % value<br/>        return self.execute(Command.FIND_ELEMENT, {<br/>            &#x27;using&#x27;: by,<br/>&gt;           &#x27;value&#x27;: value})[&#x27;value&#x27;]<br/><br/>..\..\..\appdata\local\programs\python\python36\lib\site-packages\selenium\webdriver\remote\webdriver.py:978: <br/>_ _ _ _ _ _ _ _ _ _ _ _ _ _ _ _ _ _ _ _ _ _ _ _ _ _ _ _ _ _ _ _ _ _ _ _ _ _ _ _ <br/><br/>self = &lt;selenium.webdriver.chrome.webdriver.WebDriver (session=&quot;0465922e6392b4a47f1dca0ec16ad62c&quot;)&gt;, driver_command = &#x27;findElement&#x27;, params = {&#x27;using&#x27;: &#x27;css selector&#x27;, &#x27;value&#x27;: &#x27;[id=&quot;password&quot;]&#x27;}<br/><br/>    def execute(self, driver_command, params=None):<br/>        &quot;&quot;&quot;<br/>        Sends a command to be executed by a command.CommandExecutor.<br/>    <br/>        :Args:<br/>         - driver_command: The name of the command to execute as a string.<br/>         - params: A dictionary of named parameters to send with the command.<br/>    <br/>        :Returns:<br/>          The command&#x27;s JSON response loaded into a dictionary object.<br/>        &quot;&quot;&quot;<br/>        if self.session_id is not None:<br/>            if not params:<br/>                params = {&#x27;sessionId&#x27;: self.session_id}<br/>            elif &#x27;sessionId&#x27; not in params:<br/>                params[&#x27;sessionId&#x27;] = self.session_id<br/>    <br/>        params = self._wrap_value(params)<br/>        response = self.command_executor.execute(driver_command, params)<br/>        if response:<br/>&gt;           self.error_handler.check_response(response)<br/><br/>..\..\..\appdata\local\programs\python\python36\lib\site-packages\selenium\webdriver\remote\webdriver.py:321: <br/>_ _ _ _ _ _ _ _ _ _ _ _ _ _ _ _ _ _ _ _ _ _ _ _ _ _ _ _ _ _ _ _ _ _ _ _ _ _ _ _ <br/><br/>self = &lt;selenium.webdriver.remote.errorhandler.ErrorHandler object at 0x000002C51B3D9DD8&gt;<br/>response = {&#x27;status&#x27;: 404, &#x27;value&#x27;: &#x27;{&quot;value&quot;:{&quot;error&quot;:&quot;no such element&quot;,&quot;message&quot;:&quot;no such element: Unable to locate element: {\...\n\\tRtlGetAppContainerNamedObjectPath [0x77EB7C14+228]\\n\\tRtlGetAppContainerNamedObjectPath [0x77EB7BE4+180]\\n&quot;}}&#x27;}<br/><br/>    def check_response(self, response):<br/>        &quot;&quot;&quot;<br/>        Checks that a JSON response from the WebDriver does not have an error.<br/>    <br/>        :Args:<br/>         - response - The JSON response from the WebDriver server as a dictionary<br/>           object.<br/>    <br/>        :Raises: If the response contains an error message.<br/>        &quot;&quot;&quot;<br/>        status = response.get(&#x27;status&#x27;, None)<br/>        if status is None or status == ErrorCode.SUCCESS:<br/>            return<br/>        value = None<br/>        message = response.get(&quot;message&quot;, &quot;&quot;)<br/>        screen = response.get(&quot;screen&quot;, &quot;&quot;)<br/>        stacktrace = None<br/>        if isinstance(status, int):<br/>            value_json = response.get(&#x27;value&#x27;, None)<br/>            if value_json and isinstance(value_json, basestring):<br/>                import json<br/>                try:<br/>                    value = json.loads(value_json)<br/>                    if len(value.keys()) == 1:<br/>                        value = value[&#x27;value&#x27;]<br/>                    status = value.get(&#x27;error&#x27;, None)<br/>                    if status is None:<br/>                        status = value[&quot;status&quot;]<br/>                        message = value[&quot;value&quot;]<br/>                        if not isinstance(message, basestring):<br/>                            value = message<br/>                            message = message.get(&#x27;message&#x27;)<br/>                    else:<br/>                        message = value.get(&#x27;message&#x27;, None)<br/>                except ValueError:<br/>                    pass<br/>    <br/>        exception_class = ErrorInResponseException<br/>        if status in ErrorCode.NO_SUCH_ELEMENT:<br/>            exception_class = NoSuchElementException<br/>        elif status in ErrorCode.NO_SUCH_FRAME:<br/>            exception_class = NoSuchFrameException<br/>        elif status in ErrorCode.NO_SUCH_WINDOW:<br/>            exception_class = NoSuchWindowException<br/>        elif status in ErrorCode.STALE_ELEMENT_REFERENCE:<br/>            exception_class = StaleElementReferenceException<br/>        elif status in ErrorCode.ELEMENT_NOT_VISIBLE:<br/>            exception_class = ElementNotVisibleException<br/>        elif status in ErrorCode.INVALID_ELEMENT_STATE:<br/>            exception_class = InvalidElementStateException<br/>        elif status in ErrorCode.INVALID_SELECTOR \<br/>                or status in ErrorCode.INVALID_XPATH_SELECTOR \<br/>                or status in ErrorCode.INVALID_XPATH_SELECTOR_RETURN_TYPER:<br/>            exception_class = InvalidSelectorException<br/>        elif status in ErrorCode.ELEMENT_IS_NOT_SELECTABLE:<br/>            exception_class = ElementNotSelectableException<br/>        elif status in ErrorCode.ELEMENT_NOT_INTERACTABLE:<br/>            exception_class = ElementNotInteractableException<br/>        elif status in ErrorCode.INVALID_COOKIE_DOMAIN:<br/>            exception_class = InvalidCookieDomainException<br/>        elif status in ErrorCode.UNABLE_TO_SET_COOKIE:<br/>            exception_class = UnableToSetCookieException<br/>        elif status in ErrorCode.TIMEOUT:<br/>            exception_class = TimeoutException<br/>        elif status in ErrorCode.SCRIPT_TIMEOUT:<br/>            exception_class = TimeoutException<br/>        elif status in ErrorCode.UNKNOWN_ERROR:<br/>            exception_class = WebDriverException<br/>        elif status in ErrorCode.UNEXPECTED_ALERT_OPEN:<br/>            exception_class = UnexpectedAlertPresentException<br/>        elif status in ErrorCode.NO_ALERT_OPEN:<br/>            exception_class = NoAlertPresentException<br/>        elif status in ErrorCode.IME_NOT_AVAILABLE:<br/>            exception_class = ImeNotAvailableException<br/>        elif status in ErrorCode.IME_ENGINE_ACTIVATION_FAILED:<br/>            exception_class = ImeActivationFailedException<br/>        elif status in ErrorCode.MOVE_TARGET_OUT_OF_BOUNDS:<br/>            exception_class = MoveTargetOutOfBoundsException<br/>        elif status in ErrorCode.JAVASCRIPT_ERROR:<br/>            exception_class = JavascriptException<br/>        elif status in ErrorCode.SESSION_NOT_CREATED:<br/>            exception_class = SessionNotCreatedException<br/>        elif status in ErrorCode.INVALID_ARGUMENT:<br/>            exception_class = InvalidArgumentException<br/>        elif status in ErrorCode.NO_SUCH_COOKIE:<br/>            exception_class = NoSuchCookieException<br/>        elif status in ErrorCode.UNABLE_TO_CAPTURE_SCREEN:<br/>            exception_class = ScreenshotException<br/>        elif status in ErrorCode.ELEMENT_CLICK_INTERCEPTED:<br/>            exception_class = ElementClickInterceptedException<br/>        elif status in ErrorCode.INSECURE_CERTIFICATE:<br/>            exception_class = InsecureCertificateException<br/>        elif status in ErrorCode.INVALID_COORDINATES:<br/>            exception_class = InvalidCoordinatesException<br/>        elif status in ErrorCode.INVALID_SESSION_ID:<br/>            exception_class = InvalidSessionIdException<br/>        elif status in ErrorCode.UNKNOWN_METHOD:<br/>            exception_class = UnknownMethodException<br/>        else:<br/>            exception_class = WebDriverException<br/>        if value == &#x27;&#x27; or value is None:<br/>            value = response[&#x27;value&#x27;]<br/>        if isinstance(value, basestring):<br/>            if exception_class == ErrorInResponseException:<br/>                raise exception_class(response, value)<br/>            raise exception_class(value)<br/>        if message == &quot;&quot; and &#x27;message&#x27; in value:<br/>            message = value[&#x27;message&#x27;]<br/>    <br/>        screen = None<br/>        if &#x27;screen&#x27; in value:<br/>            screen = value[&#x27;screen&#x27;]<br/>    <br/>        stacktrace = None<br/>        if &#x27;stackTrace&#x27; in value and value[&#x27;stackTrace&#x27;]:<br/>            stacktrace = []<br/>            try:<br/>                for frame in value[&#x27;stackTrace&#x27;]:<br/>                    line = self._value_or_default(frame, &#x27;lineNumber&#x27;, &#x27;&#x27;)<br/>                    file = self._value_or_default(frame, &#x27;fileName&#x27;, &#x27;&lt;anonymous&gt;&#x27;)<br/>                    if line:<br/>                        file = &quot;%s:%s&quot; % (file, line)<br/>                    meth = self._value_or_default(frame, &#x27;methodName&#x27;, &#x27;&lt;anonymous&gt;&#x27;)<br/>                    if &#x27;className&#x27; in frame:<br/>                        meth = &quot;%s.%s&quot; % (frame[&#x27;className&#x27;], meth)<br/>                    msg = &quot;    at %s (%s)&quot;<br/>                    msg = msg % (meth, file)<br/>                    stacktrace.append(msg)<br/>            except TypeError:<br/>                pass<br/>        if exception_class == ErrorInResponseException:<br/>            raise exception_class(response, message)<br/>        elif exception_class == UnexpectedAlertPresentException:<br/>            alert_text = None<br/>            if &#x27;data&#x27; in value:<br/>                alert_text = value[&#x27;data&#x27;].get(&#x27;text&#x27;)<br/>            elif &#x27;alert&#x27; in value:<br/>                alert_text = value[&#x27;alert&#x27;].get(&#x27;text&#x27;)<br/>            raise exception_class(message, screen, stacktrace, alert_text)<br/>&gt;       raise exception_class(message, screen, stacktrace)<br/><span class="error">E       selenium.common.exceptions.NoSuchElementException: Message: no such element: Unable to locate element: {&quot;method&quot;:&quot;css selector&quot;,&quot;selector&quot;:&quot;[id=&quot;password&quot;]&quot;}</span><br/><span class="error">E         (Session info: chrome=81.0.4044.113)</span><br/><br/>..\..\..\appdata\local\programs\python\python36\lib\site-packages\selenium\webdriver\remote\errorhandler.py:242: NoSuchElementException<br/><br/>During handling of the above exception, another exception occurred:<br/><br/>self = &lt;test_facebook.FaceBookTests object at 0x000002C51B3527B8&gt;, number = 2<br/><br/>    @pytest.mark.prod<br/>    @pytest.mark.parametrize(&quot;number&quot;, range(3))<br/>    def test_prod(self, number):<br/>        self.fb.go_to_fb()<br/>&gt;       self.fb.fb_login(&quot;g3wtest01@gmail.com&quot;, &quot;Tester123&quot;)<br/><br/>tests\facebook\test_facebook.py:17: <br/>_ _ _ _ _ _ _ _ _ _ _ _ _ _ _ _ _ _ _ _ _ _ _ _ _ _ _ _ _ _ _ _ _ _ _ _ _ _ _ _ <br/>pages\FacebookPage.py:35: in fb_login<br/>    self.enter_pass(password)<br/>pages\FacebookPage.py:28: in enter_pass<br/>    self.sendKeys(password, self._fb_password, locatorType=&quot;id&quot;)<br/>_ _ _ _ _ _ _ _ _ _ _ _ _ _ _ _ _ _ _ _ _ _ _ _ _ _ _ _ _ _ _ _ _ _ _ _ _ _ _ _ <br/><br/>self = &lt;pages.FacebookPage.FaceBookPage object at 0x000002C51B3B9080&gt;, data = &#x27;Tester123&#x27;, locator = &#x27;password&#x27;, locatorType = &#x27;id&#x27;, element = None<br/><br/>    def sendKeys(self, data, locator=&quot;&quot;, locatorType=&quot;id&quot;, element=None):<br/>        try:<br/>            if locator:<br/>                element = self.getElement(locator, locatorType)<br/>            element.send_keys(data)<br/>        except NoSuchElementException as e:<br/>            self.log.error(f&quot;Cannot send data on the element &#x27;{element}&#x27;, with  locatorType &#x27;{locatorType}&#x27; {e}&quot;)<br/>&gt;           raise Exception(f&quot;Cannot send data on the element &#x27;{element}&#x27;, with  locatorType &#x27;{locatorType}&#x27; {e}&quot;)<br/><span class="error">E           Exception: Cannot send data on the element &#x27;None&#x27;, with  locatorType &#x27;id&#x27; Message: no such element: Unable to locate element: {&quot;method&quot;:&quot;css selector&quot;,&quot;selector&quot;:&quot;[id=&quot;password&quot;]&quot;}</span><br/><span class="error">E             (Session info: chrome=81.0.4044.113)</span><br/><br/>base\selenium_driver.py:137: Exception<br/>------------------------------ Captured log call -------------------------------<br/><span class="ansi32">INFO    </span> FaceBookPage:selenium_driver.py:103 Waiting for the element &#x27;password&#x27; 2 more seconds to be displayed 
<span class="ansi32">INFO    </span> FaceBookPage:selenium_driver.py:103 Waiting for the element &#x27;password&#x27; 2 more seconds to be displayed 
<span class="ansi32">INFO    </span> FaceBookPage:selenium_driver.py:103 Waiting for the element &#x27;password&#x27; 2 more seconds to be displayed 
<span class="ansi32">INFO    </span> FaceBookPage:selenium_driver.py:103 Waiting for the element &#x27;password&#x27; 2 more seconds to be displayed 
<span class="ansi32">INFO    </span> FaceBookPage:selenium_driver.py:103 Waiting for the element &#x27;password&#x27; 2 more seconds to be displayed 
<span class="ansi32">INFO    </span> FaceBookPage:selenium_driver.py:103 Waiting for the element &#x27;password&#x27; 2 more seconds to be displayed 
<span class="ansi32">INFO    </span> FaceBookPage:selenium_driver.py:103 Waiting for the element &#x27;password&#x27; 2 more seconds to be displayed 
<span class="ansi32">INFO    </span> FaceBookPage:selenium_driver.py:103 Waiting for the element &#x27;password&#x27; 2 more seconds to be displayed 
<span class="ansi32">INFO    </span> FaceBookPage:selenium_driver.py:103 Waiting for the element &#x27;password&#x27; 2 more seconds to be displayed 
<span class="ansi32">INFO    </span> FaceBookPage:selenium_driver.py:98 Element &#x27;password&#x27; could not be found despite waiting for 20 seconds, exception : Message: no such element: Unable to locate element: {&quot;method&quot;:&quot;css selector&quot;,&quot;selector&quot;:&quot;[id=&quot;password&quot;]&quot;}
  (Session info: chrome=81.0.4044.113)
Traceback (most recent call last):
  File &quot;C:\Users\arend\OneDrive\Desktop\automation_fw\base\selenium_driver.py&quot;, line 94, in getElement
    element = self.driver.find_element(byType, locator)
  File &quot;c:\users\arend\appdata\local\programs\python\python36\lib\site-packages\selenium\webdriver\remote\webdriver.py&quot;, line 978, in find_element
    &#x27;value&#x27;: value})[&#x27;value&#x27;]
  File &quot;c:\users\arend\appdata\local\programs\python\python36\lib\site-packages\selenium\webdriver\remote\webdriver.py&quot;, line 321, in execute
    self.error_handler.check_response(response)
  File &quot;c:\users\arend\appdata\local\programs\python\python36\lib\site-packages\selenium\webdriver\remote\errorhandler.py&quot;, line 242, in check_response
    raise exception_class(message, screen, stacktrace)
selenium.common.exceptions.NoSuchElementException: Message: no such element: Unable to locate element: {&quot;method&quot;:&quot;css selector&quot;,&quot;selector&quot;:&quot;[id=&quot;password&quot;]&quot;}
  (Session info: chrome=81.0.4044.113)

<span class="ansi1"></span><span class="ansi1 ansi31">ERROR   </span> FaceBookPage:selenium_driver.py:136 Cannot send data on the element &#x27;None&#x27;, with  locatorType &#x27;id&#x27; Message: no such element: Unable to locate element: {&quot;method&quot;:&quot;css selector&quot;,&quot;selector&quot;:&quot;[id=&quot;password&quot;]&quot;}
  (Session info: chrome=81.0.4044.113)</div></td></tr></tbody></table></body></html>